<?xml version="1.0" encoding="utf-8"?><testsuites name="pytest tests"><testsuite name="pytest" errors="0" failures="0" skipped="0" tests="16" time="11.345" timestamp="2026-03-31T19:00:06.769737+00:00" hostname="agent-env-eb8d4288-8d78-4358-8478-b0802f2de4dd"><testcase classname="backend.tests.test_password_flow.TestLoginMustChangePassword" name="test_login_returns_must_change_password_field" time="0.610" /><testcase classname="backend.tests.test_password_flow.TestLoginMustChangePassword" name="test_developer_login_returns_must_change_password" time="0.355" /><testcase classname="backend.tests.test_password_flow.TestPasswordStrengthValidation" name="test_password_too_short" time="0.718" /><testcase classname="backend.tests.test_password_flow.TestPasswordStrengthValidation" name="test_password_no_uppercase" time="0.788" /><testcase classname="backend.tests.test_password_flow.TestPasswordStrengthValidation" name="test_password_no_lowercase" time="0.704" /><testcase classname="backend.tests.test_password_flow.TestPasswordStrengthValidation" name="test_password_no_number" time="0.709" /><testcase classname="backend.tests.test_password_flow.TestPasswordStrengthValidation" name="test_password_no_special_char" time="0.711" /><testcase classname="backend.tests.test_password_flow.TestGenerateProvisionalPassword" name="test_developer_can_generate_for_admin" time="1.791" /><testcase classname="backend.tests.test_password_flow.TestGenerateProvisionalPassword" name="test_admin_can_generate_for_advisor" time="1.713" /><testcase classname="backend.tests.test_password_flow.TestGenerateProvisionalPassword" name="test_admin_cannot_generate_for_admin" time="0.581" /><testcase classname="backend.tests.test_password_flow.TestGenerateProvisionalPassword" name="test_advisor_cannot_generate_provisional" time="0.469" /><testcase classname="backend.tests.test_password_flow.TestCreateAdvisorSetsFlag" name="test_new_advisor_has_must_change_password" time="1.281" /><testcase classname="backend.tests.test_password_flow.TestPasswordResetRequests" name="test_forgot_password_admin_message" time="0.135" /><testcase classname="backend.tests.test_password_flow.TestPasswordResetRequests" name="test_forgot_password_advisor_message" time="0.115" /><testcase classname="backend.tests.test_password_flow.TestPasswordResetRequests" name="test_forgot_password_nonexistent_email" time="0.138" /><testcase classname="backend.tests.test_password_flow.TestAuthMeEndpoint" name="test_auth_me_returns_must_change_password" time="0.456" /></testsuite></testsuites>