<?xml version="1.0" encoding="utf-8"?><testsuites name="pytest tests"><testsuite name="pytest" errors="0" failures="0" skipped="0" tests="14" time="4.766" timestamp="2026-03-17T18:44:38.377592+00:00" hostname="agent-env-c4ed7042-9eae-4f44-90c0-4288885f40a6"><testcase classname="backend.tests.test_blocks_5_8.TestBlock5AdvisorAPIs" name="test_get_advisors_returns_list_with_leads_count" time="0.605" /><testcase classname="backend.tests.test_blocks_5_8.TestBlock5AdvisorAPIs" name="test_assign_lead_to_advisor" time="0.361" /><testcase classname="backend.tests.test_blocks_5_8.TestBlock5AdvisorAPIs" name="test_unassign_lead_from_advisor" time="0.518" /><testcase classname="backend.tests.test_blocks_5_8.TestBlock5AdvisorAPIs" name="test_get_lead_includes_advisor_name" time="0.431" /><testcase classname="backend.tests.test_blocks_5_8.TestBlock5AdvisorAPIs" name="test_role_based_filtering_advisor_sees_only_assigned_leads" time="1.190" /><testcase classname="backend.tests.test_blocks_5_8.TestBlock6NotificationAPIs" name="test_get_chat_alerts_returns_list" time="0.133" /><testcase classname="backend.tests.test_blocks_5_8.TestBlock6NotificationAPIs" name="test_get_advisors_notifications_returns_list" time="0.122" /><testcase classname="backend.tests.test_blocks_5_8.TestBlock6NotificationAPIs" name="test_mark_notification_read" time="0.070" /><testcase classname="backend.tests.test_blocks_5_8.TestBlock6NotificationAPIs" name="test_mark_all_notifications_read" time="0.128" /><testcase classname="backend.tests.test_blocks_5_8.TestBlock7LeadCardAPIs" name="test_lead_includes_tag_fields" time="0.239" /><testcase classname="backend.tests.test_blocks_5_8.TestBlock7LeadCardAPIs" name="test_advisor_filter_in_leads" time="0.147" /><testcase classname="backend.tests.test_blocks_5_8.TestBlock8CustomerContextAPIs" name="test_get_lead_session_includes_full_lead_details" time="0.227" /><testcase classname="backend.tests.test_blocks_5_8.TestBlock8CustomerContextAPIs" name="test_lead_session_includes_advisor_name" time="0.391" /><testcase classname="backend.tests.test_blocks_5_8.TestCleanup" name="test_cleanup_test_leads" time="0.065" /></testsuite></testsuites>