<?xml version="1.0" encoding="utf-8"?><testsuites name="pytest tests"><testsuite name="pytest" errors="0" failures="0" skipped="0" tests="10" time="17.501" timestamp="2026-03-09T00:55:37.436677+00:00" hostname="agent-env-a97f0df8-4976-4939-90fc-6d036da962eb"><testcase classname="backend.tests.test_chat_from_lead.TestChatFromLead" name="test_lead_session_endpoint_returns_session" time="0.551" /><testcase classname="backend.tests.test_chat_from_lead.TestChatFromLead" name="test_lead_session_no_duplicate_on_second_call" time="0.602" /><testcase classname="backend.tests.test_chat_from_lead.TestChatFromLead" name="test_lead_session_404_for_invalid_lead" time="0.470" /><testcase classname="backend.tests.test_chat_from_lead.TestChatFromLead" name="test_chat_message_with_lead_id" time="10.485" /><testcase classname="backend.tests.test_chat_from_lead.TestChatFromLead" name="test_chat_history_shows_lead_messages" time="0.546" /><testcase classname="backend.tests.test_chat_from_lead.TestChatFromLead" name="test_chat_sessions_list_shows_lead_info" time="0.466" /><testcase classname="backend.tests.test_chat_from_lead.TestChatFromLead" name="test_delete_chat_session" time="1.441" /><testcase classname="backend.tests.test_chat_from_lead.TestSystemPromptMissingFields" name="test_find_lead_with_missing_fields" time="0.423" /><testcase classname="backend.tests.test_chat_from_lead.TestSystemPromptMissingFields" name="test_new_conversation_unlinked_session" time="1.844" /><testcase classname="backend.tests.test_chat_from_lead.TestUpdateLeadParsing" name="test_update_lead_allowed_fields" time="0.609" /></testsuite></testsuites>