<?xml version="1.0" encoding="utf-8"?><testsuites name="pytest tests"><testsuite name="pytest" errors="0" failures="0" skipped="0" tests="10" time="4.990" timestamp="2026-04-14T15:50:52.570876+00:00" hostname="agent-env-eb8d4288-8d78-4358-8478-b0802f2de4dd"><testcase classname="tests.test_automation_rules.TestAutomationRulesEndpoints" name="test_get_automation_rules" time="0.549" /><testcase classname="tests.test_automation_rules.TestAutomationRulesEndpoints" name="test_create_automation_rule" time="0.480" /><testcase classname="tests.test_automation_rules.TestAutomationRulesEndpoints" name="test_update_automation_rule_with_wa_template_fields" time="0.552" /><testcase classname="tests.test_automation_rules.TestAutomationRulesEndpoints" name="test_export_automation_rules" time="0.388" /><testcase classname="tests.test_automation_rules.TestAutomationRulesEndpoints" name="test_import_automation_rules" time="0.640" /><testcase classname="tests.test_automation_rules.TestAutomationRulesEndpoints" name="test_import_empty_rules_returns_400" time="0.385" /><testcase classname="tests.test_automation_rules.TestAutomationRulesEndpoints" name="test_delete_all_automation_rules" time="0.646" /><testcase classname="tests.test_automation_rules.TestAutomationRulesAdminAccess" name="test_admin_can_export_rules" time="0.382" /><testcase classname="tests.test_automation_rules.TestAutomationRulesAdminAccess" name="test_admin_can_import_rules" time="0.471" /><testcase classname="tests.test_automation_rules.TestAutomationRulesAdminAccess" name="test_admin_can_delete_all_rules" time="0.445" /></testsuite></testsuites>