<?xml version="1.0" encoding="utf-8"?><testsuites name="pytest tests"><testsuite name="pytest" errors="0" failures="0" skipped="0" tests="21" time="7.278" timestamp="2026-03-04T17:25:48.555583+00:00" hostname="agent-env-a97f0df8-4976-4939-90fc-6d036da962eb"><testcase classname="backend.tests.test_loyalty_system.TestLoyaltySystemSetup" name="test_01_login_success" time="0.430" /><testcase classname="backend.tests.test_loyalty_system.TestLoyaltySequences" name="test_02_get_sequences" time="0.482" /><testcase classname="backend.tests.test_loyalty_system.TestLoyaltySequences" name="test_03_create_sequence" time="0.253" /><testcase classname="backend.tests.test_loyalty_system.TestLoyaltySequences" name="test_04_verify_sequence_created" time="0.112" /><testcase classname="backend.tests.test_loyalty_system.TestLoyaltySequences" name="test_05_delete_sequence" time="0.296" /><testcase classname="backend.tests.test_loyalty_system.TestLoyaltyEnrollments" name="test_06_get_enrollments" time="0.445" /><testcase classname="backend.tests.test_loyalty_system.TestLoyaltyEnrollments" name="test_07_enroll_lead" time="0.622" /><testcase classname="backend.tests.test_loyalty_system.TestLoyaltyEnrollments" name="test_08_verify_enrollment_in_list" time="0.129" /><testcase classname="backend.tests.test_loyalty_system.TestLoyaltyEnrollments" name="test_09_duplicate_enrollment_prevention" time="0.138" /><testcase classname="backend.tests.test_loyalty_system.TestLoyaltyEnrollments" name="test_10_delete_enrollment" time="0.228" /><testcase classname="backend.tests.test_loyalty_system.TestLoyaltyProcessing" name="test_11_process_pending_messages" time="0.964" /><testcase classname="backend.tests.test_loyalty_system.TestLoyaltyProcessing" name="test_12_verify_messages_processed" time="0.109" /><testcase classname="backend.tests.test_loyalty_system.TestLoyaltyProcessing" name="test_13_cleanup_process_test" time="0.390" /><testcase classname="backend.tests.test_loyalty_system.TestAutoEnrollmentOnPurchase" name="test_14_auto_enroll_on_purchase" time="0.969" /><testcase classname="backend.tests.test_loyalty_system.TestAutoEnrollmentOnPurchase" name="test_15_no_duplicate_auto_enroll" time="0.351" /><testcase classname="backend.tests.test_loyalty_system.TestAutoEnrollmentOnPurchase" name="test_16_cleanup_auto_enroll_test" time="0.341" /><testcase classname="backend.tests.test_loyalty_system.TestLoyaltyErrorHandling" name="test_17_enroll_nonexistent_lead" time="0.489" /><testcase classname="backend.tests.test_loyalty_system.TestLoyaltyErrorHandling" name="test_18_delete_nonexistent_enrollment" time="0.107" /><testcase classname="backend.tests.test_loyalty_system.TestLoyaltyErrorHandling" name="test_19_auth_required_sequences" time="0.102" /><testcase classname="backend.tests.test_loyalty_system.TestLoyaltyErrorHandling" name="test_20_auth_required_enrollments" time="0.124" /><testcase classname="backend.tests.test_loyalty_system.TestLoyaltyErrorHandling" name="test_21_auth_required_process" time="0.112" /></testsuite></testsuites>