<?xml version="1.0" encoding="utf-8"?><testsuites name="pytest tests"><testsuite name="pytest" errors="0" failures="0" skipped="0" tests="12" time="3.774" timestamp="2026-03-26T17:50:36.470782+00:00" hostname="agent-env-65382080-0606-428f-9748-d15e9bb3b158"><testcase classname="backend.tests.test_campaign_images.TestAuth" name="test_login_success" time="0.385" /><testcase classname="backend.tests.test_campaign_images.TestAuth" name="test_login_invalid_credentials" time="0.138" /><testcase classname="backend.tests.test_campaign_images.TestImageUpload" name="test_upload_image" time="0.502" /><testcase classname="backend.tests.test_campaign_images.TestImageUpload" name="test_serve_uploaded_image" time="0.246" /><testcase classname="backend.tests.test_campaign_images.TestImageUpload" name="test_serve_nonexistent_image" time="0.111" /><testcase classname="backend.tests.test_campaign_images.TestCampaignCRUD" name="test_create_campaign_with_image" time="0.114" /><testcase classname="backend.tests.test_campaign_images.TestCampaignCRUD" name="test_list_campaigns_shows_image_url" time="0.164" /><testcase classname="backend.tests.test_campaign_images.TestCampaignCRUD" name="test_update_campaign_image_url" time="0.452" /><testcase classname="backend.tests.test_campaign_images.TestCampaignSend" name="test_campaign_send_records_image_in_chat" time="0.722" /><testcase classname="backend.tests.test_campaign_images.TestCampaignSend" name="test_campaign_send_without_image" time="0.552" /><testcase classname="backend.tests.test_campaign_images.TestCleanup" name="test_cleanup_test_campaigns" time="0.223" /><testcase classname="backend.tests.test_campaign_images.TestCleanup" name="test_cleanup_test_leads" time="0.108" /></testsuite></testsuites>