<?xml version="1.0" encoding="utf-8"?><testsuites name="pytest tests"><testsuite name="pytest" errors="0" failures="0" skipped="0" tests="13" time="8.776" timestamp="2026-03-17T18:15:05.076047+00:00" hostname="agent-env-52ab5d21-47a3-4f8e-a125-d3cb17ce24ee"><testcase classname="backend.tests.test_block4_human_handover.TestBlock4HumanHandover" name="test_pause_bot_for_lead_success" time="0.779" /><testcase classname="backend.tests.test_block4_human_handover.TestBlock4HumanHandover" name="test_pause_bot_nonexistent_lead_returns_404" time="0.502" /><testcase classname="backend.tests.test_block4_human_handover.TestBlock4HumanHandover" name="test_resume_bot_for_lead_success" time="0.887" /><testcase classname="backend.tests.test_block4_human_handover.TestBlock4HumanHandover" name="test_resume_bot_nonexistent_lead_returns_404" time="0.569" /><testcase classname="backend.tests.test_block4_human_handover.TestBlock4HumanHandover" name="test_get_alerts_returns_list" time="0.519" /><testcase classname="backend.tests.test_block4_human_handover.TestBlock4HumanHandover" name="test_alerts_enrichment_fields" time="0.575" /><testcase classname="backend.tests.test_block4_human_handover.TestBlock4HumanHandover" name="test_resolve_alert_sets_resolved_at" time="0.626" /><testcase classname="backend.tests.test_block4_human_handover.TestBlock4HumanHandover" name="test_chat_sessions_include_bot_paused_status" time="0.479" /><testcase classname="backend.tests.test_block4_human_handover.TestBlock4HumanHandover" name="test_chat_sessions_include_has_alert_field" time="0.543" /><testcase classname="backend.tests.test_block4_human_handover.TestBlock4HumanHandover" name="test_whatsapp_stats_includes_pending_alerts" time="0.530" /><testcase classname="backend.tests.test_block4_human_handover.TestBlock4HumanHandover" name="test_handover_keywords_config_exists" time="0.562" /><testcase classname="backend.tests.test_block4_human_handover.TestBlock4HumanHandover" name="test_full_pause_resume_cycle" time="1.344" /><testcase classname="backend.tests.test_block4_human_handover.TestBlock4HumanHandover" name="test_lead_get_includes_bot_paused_field" time="0.787" /></testsuite></testsuites>