<?xml version="1.0" encoding="utf-8"?><testsuites name="pytest tests"><testsuite name="pytest" errors="0" failures="0" skipped="0" tests="10" time="1.921" timestamp="2026-03-04T17:40:26.789182+00:00" hostname="agent-env-a97f0df8-4976-4939-90fc-6d036da962eb"><testcase classname="backend.tests.test_loyalty_metrics.TestLoyaltyMetrics" name="test_01_metrics_endpoint_requires_auth" time="0.182" /><testcase classname="backend.tests.test_loyalty_metrics.TestLoyaltyMetrics" name="test_02_metrics_endpoint_returns_200" time="0.522" /><testcase classname="backend.tests.test_loyalty_metrics.TestLoyaltyMetrics" name="test_03_metrics_has_summary_section" time="0.118" /><testcase classname="backend.tests.test_loyalty_metrics.TestLoyaltyMetrics" name="test_04_metrics_has_loyalty_section" time="0.180" /><testcase classname="backend.tests.test_loyalty_metrics.TestLoyaltyMetrics" name="test_05_metrics_has_product_revenue" time="0.127" /><testcase classname="backend.tests.test_loyalty_metrics.TestLoyaltyMetrics" name="test_06_metrics_has_product_repeat" time="0.126" /><testcase classname="backend.tests.test_loyalty_metrics.TestLoyaltyMetrics" name="test_07_metrics_has_sequence_effectiveness" time="0.163" /><testcase classname="backend.tests.test_loyalty_metrics.TestLoyaltyMetrics" name="test_08_metrics_has_top_buyers" time="0.175" /><testcase classname="backend.tests.test_loyalty_metrics.TestLoyaltyMetrics" name="test_09_top_buyers_sorted_by_total_spent" time="0.111" /><testcase classname="backend.tests.test_loyalty_metrics.TestLoyaltyMetrics" name="test_10_verify_current_data" time="0.146" /></testsuite></testsuites>