<?xml version="1.0" encoding="utf-8"?><testsuites name="pytest tests"><testsuite name="pytest" errors="0" failures="0" skipped="0" tests="12" time="9.954" timestamp="2026-03-17T17:25:19.709353+00:00" hostname="agent-env-52ab5d21-47a3-4f8e-a125-d3cb17ce24ee"><testcase classname="backend.tests.test_block1_features.TestBlock1Features" name="test_phone_normalization_plus593" time="0.798" /><testcase classname="backend.tests.test_block1_features.TestBlock1Features" name="test_phone_normalization_593_no_plus" time="0.656" /><testcase classname="backend.tests.test_block1_features.TestBlock1Features" name="test_phone_already_normalized" time="0.670" /><testcase classname="backend.tests.test_block1_features.TestBlock1Features" name="test_season_filter_verano" time="0.788" /><testcase classname="backend.tests.test_block1_features.TestBlock1Features" name="test_season_filter_invierno" time="0.847" /><testcase classname="backend.tests.test_block1_features.TestBlock1Features" name="test_lead_has_channel_field" time="0.839" /><testcase classname="backend.tests.test_block1_features.TestBlock1Features" name="test_channel_filter" time="0.881" /><testcase classname="backend.tests.test_block1_features.TestBlock1Features" name="test_games_config_standby" time="0.598" /><testcase classname="backend.tests.test_block1_features.TestBlock1Features" name="test_bulk_upload_phone_normalization" time="1.302" /><testcase classname="backend.tests.test_block1_features.TestBlock1Features" name="test_bulk_upload_season_channel" time="0.926" /><testcase classname="backend.tests.test_block1_features.TestBlock1Features" name="test_dashboard_stats_funnel_stages" time="0.544" /><testcase classname="backend.tests.test_block1_features.TestBlock1Features" name="test_lead_has_temporada_and_channel" time="0.845" /></testsuite></testsuites>