<?xml version="1.0" encoding="utf-8"?><testsuites name="pytest tests"><testsuite name="pytest" errors="0" failures="0" skipped="0" tests="11" time="4.142" timestamp="2026-03-17T17:58:53.262472+00:00" hostname="agent-env-52ab5d21-47a3-4f8e-a125-d3cb17ce24ee"><testcase classname="backend.tests.test_block3_product_bots.TestProductBotConfig" name="test_get_products_returns_5_products" time="0.531" /><testcase classname="backend.tests.test_block3_product_bots.TestProductBotConfig" name="test_products_have_bot_config_structure" time="0.796" /><testcase classname="backend.tests.test_block3_product_bots.TestProductBotConfig" name="test_get_product_bot_config_endpoint" time="0.261" /><testcase classname="backend.tests.test_block3_product_bots.TestProductBotConfig" name="test_get_bot_config_for_nonexistent_product" time="0.145" /><testcase classname="backend.tests.test_block3_product_bots.TestProductBotConfig" name="test_update_product_bot_config" time="0.364" /><testcase classname="backend.tests.test_block3_product_bots.TestProductBotConfig" name="test_update_bot_config_filters_invalid_fields" time="0.233" /><testcase classname="backend.tests.test_block3_product_bots.TestQRCampaignScanCount" name="test_qr_campaigns_have_scan_count" time="0.125" /><testcase classname="backend.tests.test_block3_product_bots.TestQRCampaignScanCount" name="test_qr_campaign_leads_count_also_present" time="0.118" /><testcase classname="backend.tests.test_block3_product_bots.TestProductBotPromptLogic" name="test_product_with_bot_config_can_be_retrieved" time="0.770" /><testcase classname="backend.tests.test_block3_product_bots.TestProductBotPromptLogic" name="test_all_five_products_exist_with_correct_data" time="0.108" /><testcase classname="backend.tests.test_block3_product_bots.TestSettingsPageDataFlow" name="test_create_update_delete_product_flow" time="0.638" /></testsuite></testsuites>