<?xml version="1.0" encoding="utf-8"?><testsuites name="pytest tests"><testsuite name="pytest" errors="0" failures="0" skipped="0" tests="16" time="7.201" timestamp="2026-03-17T17:43:07.863481+00:00" hostname="agent-env-52ab5d21-47a3-4f8e-a125-d3cb17ce24ee"><testcase classname="backend.tests.test_block2_qr_intents.TestQRCampaigns" name="test_get_qr_campaigns_returns_list" time="0.586" /><testcase classname="backend.tests.test_block2_qr_intents.TestQRCampaigns" name="test_create_qr_campaign" time="0.161" /><testcase classname="backend.tests.test_block2_qr_intents.TestQRCampaigns" name="test_update_qr_campaign" time="0.422" /><testcase classname="backend.tests.test_block2_qr_intents.TestQRCampaigns" name="test_delete_qr_campaign" time="0.479" /><testcase classname="backend.tests.test_block2_qr_intents.TestQRCampaigns" name="test_qr_code_generation_returns_png" time="0.938" /><testcase classname="backend.tests.test_block2_qr_intents.TestQRCampaigns" name="test_whatsapp_link_generation" time="0.294" /><testcase classname="backend.tests.test_block2_qr_intents.TestIntents" name="test_get_intents_returns_list" time="0.481" /><testcase classname="backend.tests.test_block2_qr_intents.TestIntents" name="test_create_intent" time="0.288" /><testcase classname="backend.tests.test_block2_qr_intents.TestIntents" name="test_update_intent" time="0.394" /><testcase classname="backend.tests.test_block2_qr_intents.TestIntents" name="test_delete_intent" time="0.528" /><testcase classname="backend.tests.test_block2_qr_intents.TestLeadChannelField" name="test_create_lead_with_channel" time="0.778" /><testcase classname="backend.tests.test_block2_qr_intents.TestLeadChannelField" name="test_filter_leads_by_channel" time="0.363" /><testcase classname="backend.tests.test_block2_qr_intents.TestLeadChannelField" name="test_update_lead_channel" time="0.523" /><testcase classname="backend.tests.test_block2_qr_intents.TestCleanup" name="test_cleanup_test_campaigns" time="0.631" /><testcase classname="backend.tests.test_block2_qr_intents.TestCleanup" name="test_cleanup_test_intents" time="0.168" /><testcase classname="backend.tests.test_block2_qr_intents.TestCleanup" name="test_cleanup_test_leads" time="0.110" /></testsuite></testsuites>