<?xml version="1.0" encoding="utf-8"?><testsuites name="pytest tests"><testsuite name="pytest" errors="0" failures="0" skipped="0" tests="16" time="4.390" timestamp="2026-03-09T00:47:08.651269+00:00" hostname="agent-env-a97f0df8-4976-4939-90fc-6d036da962eb"><testcase classname="backend.tests.test_leads_kanban.TestLeadsKanban" name="test_login_success" time="0.374" /><testcase classname="backend.tests.test_leads_kanban.TestLeadsKanban" name="test_leads_requires_auth" time="0.114" /><testcase classname="backend.tests.test_leads_kanban.TestLeadsKanban" name="test_get_leads_list" time="0.467" /><testcase classname="backend.tests.test_leads_kanban.TestLeadsKanban" name="test_get_leads_pagination" time="0.125" /><testcase classname="backend.tests.test_leads_kanban.TestLeadsKanban" name="test_leads_have_required_fields" time="0.109" /><testcase classname="backend.tests.test_leads_kanban.TestLeadsKanban" name="test_leads_by_stage" time="0.705" /><testcase classname="backend.tests.test_leads_kanban.TestLeadsKanban" name="test_search_leads" time="0.231" /><testcase classname="backend.tests.test_leads_kanban.TestLeadsKanban" name="test_filter_by_source" time="0.121" /><testcase classname="backend.tests.test_leads_kanban.TestLeadsKanban" name="test_create_lead" time="0.138" /><testcase classname="backend.tests.test_leads_kanban.TestLeadsKanban" name="test_get_single_lead" time="0.159" /><testcase classname="backend.tests.test_leads_kanban.TestLeadsKanban" name="test_update_lead" time="0.110" /><testcase classname="backend.tests.test_leads_kanban.TestLeadsKanban" name="test_change_lead_stage" time="0.674" /><testcase classname="backend.tests.test_leads_kanban.TestLeadsKanban" name="test_stage_change_invalid_stage" time="0.116" /><testcase classname="backend.tests.test_leads_kanban.TestLeadsKanban" name="test_delete_lead" time="0.218" /><testcase classname="backend.tests.test_leads_kanban.TestLeadsKanban" name="test_delete_nonexistent_lead" time="0.221" /><testcase classname="backend.tests.test_leads_kanban.TestKanbanStageDistribution" name="test_stage_distribution" time="0.453" /></testsuite></testsuites>