<?xml version="1.0" encoding="utf-8"?><testsuites name="pytest tests"><testsuite name="pytest" errors="0" failures="0" skipped="0" tests="26" time="11.437" timestamp="2026-04-14T16:39:29.576111+00:00" hostname="agent-env-eb8d4288-8d78-4358-8478-b0802f2de4dd"><testcase classname="tests.test_refactored_api.TestHealthAndBasics" name="test_health_endpoint" time="0.137" /><testcase classname="tests.test_refactored_api.TestAuthentication" name="test_admin_login" time="0.371" /><testcase classname="tests.test_refactored_api.TestAuthentication" name="test_developer_login" time="0.342" /><testcase classname="tests.test_refactored_api.TestAuthentication" name="test_invalid_login" time="0.116" /><testcase classname="tests.test_refactored_api.TestAuthentication" name="test_auth_me_endpoint" time="0.438" /><testcase classname="tests.test_refactored_api.TestAuthentication" name="test_password_reset_requests" time="0.445" /><testcase classname="tests.test_refactored_api.TestAuthentication" name="test_change_password_validation" time="0.667" /><testcase classname="tests.test_refactored_api.TestDashboard" name="test_dashboard_stats" time="0.443" /><testcase classname="tests.test_refactored_api.TestDashboard" name="test_advisor_stats" time="0.462" /><testcase classname="tests.test_refactored_api.TestLeads" name="test_get_leads" time="0.444" /><testcase classname="tests.test_refactored_api.TestLeads" name="test_create_lead" time="0.579" /><testcase classname="tests.test_refactored_api.TestProducts" name="test_get_products" time="0.429" /><testcase classname="tests.test_refactored_api.TestAdvisors" name="test_get_advisors" time="0.492" /><testcase classname="tests.test_refactored_api.TestAdvisors" name="test_advisor_notifications" time="0.431" /><testcase classname="tests.test_refactored_api.TestAutomation" name="test_get_automation_rules" time="0.458" /><testcase classname="tests.test_refactored_api.TestAutomation" name="test_export_automation_rules" time="0.427" /><testcase classname="tests.test_refactored_api.TestConfig" name="test_whatsapp_config" time="0.438" /><testcase classname="tests.test_refactored_api.TestConfig" name="test_ai_config" time="0.451" /><testcase classname="tests.test_refactored_api.TestCampaigns" name="test_get_campaigns" time="0.458" /><testcase classname="tests.test_refactored_api.TestCampaigns" name="test_get_qr_campaigns" time="0.522" /><testcase classname="tests.test_refactored_api.TestCampaigns" name="test_get_reminders" time="0.463" /><testcase classname="tests.test_refactored_api.TestChat" name="test_get_chat_sessions" time="0.501" /><testcase classname="tests.test_refactored_api.TestChat" name="test_whatsapp_stats" time="0.431" /><testcase classname="tests.test_refactored_api.TestLoyalty" name="test_get_loyalty_sequences" time="0.464" /><testcase classname="tests.test_refactored_api.TestLoyalty" name="test_get_loyalty_metrics" time="0.481" /><testcase classname="tests.test_refactored_api.TestNotifications" name="test_get_notifications" time="0.461" /></testsuite></testsuites>