<?xml version="1.0" encoding="utf-8"?><testsuites name="pytest tests"><testsuite name="pytest" errors="0" failures="0" skipped="0" tests="16" time="13.403" timestamp="2026-03-09T04:32:59.676036+00:00" hostname="agent-env-069a0ecf-c20c-4ee9-b5ab-ebab0fdb2038"><testcase classname="backend.tests.test_whatsapp_monitoring.TestWhatsAppStats" name="test_whatsapp_stats_returns_all_kpis" time="0.552" /><testcase classname="backend.tests.test_whatsapp_monitoring.TestHandoverAlerts" name="test_get_alerts_returns_list" time="0.455" /><testcase classname="backend.tests.test_whatsapp_monitoring.TestHandoverAlerts" name="test_resolve_nonexistent_alert" time="0.110" /><testcase classname="backend.tests.test_whatsapp_monitoring.TestChatSessions" name="test_sessions_include_source_field" time="0.429" /><testcase classname="backend.tests.test_whatsapp_monitoring.TestWhatsAppReply" name="test_whatsapp_reply_no_lead_returns_404" time="0.486" /><testcase classname="backend.tests.test_whatsapp_monitoring.TestWhatsAppReply" name="test_whatsapp_reply_lead_no_phone_returns_400" time="0.346" /><testcase classname="backend.tests.test_whatsapp_monitoring.TestHandoverDetection" name="test_webhook_accepts_meta_format" time="1.298" /><testcase classname="backend.tests.test_whatsapp_monitoring.TestHandoverDetection" name="test_webhook_handover_keyword_creates_alert" time="1.252" /><testcase classname="backend.tests.test_whatsapp_monitoring.TestHandoverDetection" name="test_resolve_alert_works" time="1.350" /><testcase classname="backend.tests.test_whatsapp_monitoring.TestWhatsAppReplyWithRealLead" name="test_whatsapp_reply_to_real_lead" time="1.300" /><testcase classname="backend.tests.test_whatsapp_monitoring.TestMultipleHandoverKeywords" name="test_handover_keywords[agente]" time="1.060" /><testcase classname="backend.tests.test_whatsapp_monitoring.TestMultipleHandoverKeywords" name="test_handover_keywords[humano]" time="0.688" /><testcase classname="backend.tests.test_whatsapp_monitoring.TestMultipleHandoverKeywords" name="test_handover_keywords[persona real]" time="1.204" /><testcase classname="backend.tests.test_whatsapp_monitoring.TestMultipleHandoverKeywords" name="test_handover_keywords[asesor real]" time="0.810" /><testcase classname="backend.tests.test_whatsapp_monitoring.TestMultipleHandoverKeywords" name="test_handover_keywords[no quiero bot]" time="0.690" /><testcase classname="backend.tests.test_whatsapp_monitoring.TestMultipleHandoverKeywords" name="test_handover_keywords[operador]" time="1.199" /></testsuite></testsuites>