<?xml version="1.0" encoding="utf-8"?><testsuites name="pytest tests"><testsuite name="pytest" errors="0" failures="0" skipped="0" tests="20" time="75.262" timestamp="2026-03-30T17:36:15.395707+00:00" hostname="agent-env-7f281d26-7c2b-4802-bddd-37e146d5ded5"><testcase classname="backend.tests.test_whatsapp_bidirectional.TestAuthLogin" name="test_login_success" time="0.446" /><testcase classname="backend.tests.test_whatsapp_bidirectional.TestAuthLogin" name="test_login_invalid_credentials" time="0.130" /><testcase classname="backend.tests.test_whatsapp_bidirectional.TestWhatsAppConfig" name="test_get_whatsapp_config" time="0.498" /><testcase classname="backend.tests.test_whatsapp_bidirectional.TestWhatsAppConfig" name="test_update_whatsapp_config" time="0.238" /><testcase classname="backend.tests.test_whatsapp_bidirectional.TestMetaWebhookIncoming" name="test_text_message_from_new_number" time="5.194" /><testcase classname="backend.tests.test_whatsapp_bidirectional.TestMetaWebhookIncoming" name="test_image_message_handling" time="2.632" /><testcase classname="backend.tests.test_whatsapp_bidirectional.TestMetaWebhookIncoming" name="test_audio_message_handling" time="2.976" /><testcase classname="backend.tests.test_whatsapp_bidirectional.TestMetaWebhookIncoming" name="test_sticker_message_handling" time="2.285" /><testcase classname="backend.tests.test_whatsapp_bidirectional.TestMetaWebhookIncoming" name="test_status_updates_silently_ignored" time="0.109" /><testcase classname="backend.tests.test_whatsapp_bidirectional.TestLegacyWebhook" name="test_full_conversation_flow_3_messages" time="13.130" /><testcase classname="backend.tests.test_whatsapp_bidirectional.TestLegacyWebhook" name="test_bot_remembers_name_across_turns" time="16.150" /><testcase classname="backend.tests.test_whatsapp_bidirectional.TestCRMWhatsAppReply" name="test_whatsapp_reply_requires_auth" time="0.152" /><testcase classname="backend.tests.test_whatsapp_bidirectional.TestCRMWhatsAppReply" name="test_whatsapp_reply_requires_lead_id" time="0.104" /><testcase classname="backend.tests.test_whatsapp_bidirectional.TestCRMWhatsAppReply" name="test_whatsapp_reply_with_valid_lead" time="0.344" /><testcase classname="backend.tests.test_whatsapp_bidirectional.TestChatHistory" name="test_get_chat_history_for_wa_session" time="3.521" /><testcase classname="backend.tests.test_whatsapp_bidirectional.TestChatHistory" name="test_get_chat_sessions_includes_whatsapp" time="4.364" /><testcase classname="backend.tests.test_whatsapp_bidirectional.TestLeadDataExtraction" name="test_name_extraction" time="4.428" /><testcase classname="backend.tests.test_whatsapp_bidirectional.TestLeadDataExtraction" name="test_city_extraction" time="4.685" /><testcase classname="backend.tests.test_whatsapp_bidirectional.TestLeadDataExtraction" name="test_product_interest_extraction" time="4.569" /><testcase classname="backend.tests.test_whatsapp_bidirectional.TestStageProgression" name="test_stage_nuevo_to_interesado" time="9.113" /></testsuite></testsuites>