<?xml version="1.0" encoding="utf-8"?><testsuites name="pytest tests"><testsuite name="pytest" errors="0" failures="0" skipped="0" tests="15" time="17.712" timestamp="2026-03-30T23:02:15.126671+00:00" hostname="agent-env-7f281d26-7c2b-4802-bddd-37e146d5ded5"><testcase classname="backend.tests.test_smart_reminders_hot_leads.TestSmartRemindersAndHotLeads" name="test_create_reminder_without_template" time="0.585" /><testcase classname="backend.tests.test_smart_reminders_hot_leads.TestSmartRemindersAndHotLeads" name="test_create_reminder_with_custom_template" time="0.448" /><testcase classname="backend.tests.test_smart_reminders_hot_leads.TestSmartRemindersAndHotLeads" name="test_get_reminders_list" time="0.513" /><testcase classname="backend.tests.test_smart_reminders_hot_leads.TestSmartRemindersAndHotLeads" name="test_execute_reminder_stores_message_with_source_reminder" time="0.995" /><testcase classname="backend.tests.test_smart_reminders_hot_leads.TestSmartRemindersAndHotLeads" name="test_delete_reminder" time="0.563" /><testcase classname="backend.tests.test_smart_reminders_hot_leads.TestSmartRemindersAndHotLeads" name="test_hot_lead_detection_via_webhook" time="5.489" /><testcase classname="backend.tests.test_smart_reminders_hot_leads.TestSmartRemindersAndHotLeads" name="test_hot_lead_notification_created" time="0.465" /><testcase classname="backend.tests.test_smart_reminders_hot_leads.TestSmartRemindersAndHotLeads" name="test_sessions_api_returns_needs_advisor" time="0.419" /><testcase classname="backend.tests.test_smart_reminders_hot_leads.TestSmartRemindersAndHotLeads" name="test_assign_advisor_clears_needs_advisor" time="0.655" /><testcase classname="backend.tests.test_smart_reminders_hot_leads.TestSmartRemindersAndHotLeads" name="test_sessions_needs_advisor_false_after_assignment" time="3.648" /><testcase classname="backend.tests.test_smart_reminders_hot_leads.TestSmartRemindersAndHotLeads" name="test_unassign_advisor" time="0.752" /><testcase classname="backend.tests.test_smart_reminders_hot_leads.TestSmartReminderMessageContent" name="test_reminder_templates_exist_for_all_stages" time="0.991" /><testcase classname="backend.tests.test_smart_reminders_hot_leads.TestSmartReminderMessageContent" name="test_cliente_nuevo_message_is_post_sale" time="0.628" /><testcase classname="backend.tests.test_smart_reminders_hot_leads.TestSmartReminderMessageContent" name="test_interesado_message_mentions_product" time="0.804" /><testcase classname="backend.tests.test_smart_reminders_hot_leads.TestSmartReminderMessageContent" name="test_nuevo_message_is_general_greeting" time="0.671" /></testsuite></testsuites>