<?xml version="1.0" encoding="utf-8"?><testsuites name="pytest tests"><testsuite name="pytest" errors="0" failures="0" skipped="0" tests="15" time="7.004" timestamp="2026-03-17T19:08:57.635557+00:00" hostname="agent-env-c4ed7042-9eae-4f44-90c0-4288885f40a6"><testcase classname="backend.tests.test_blocks_9_13.TestBlock9AutoEnrollConfig" name="test_get_auto_enroll_config" time="0.492" /><testcase classname="backend.tests.test_blocks_9_13.TestBlock9AutoEnrollConfig" name="test_post_auto_enroll_config" time="0.194" /><testcase classname="backend.tests.test_blocks_9_13.TestBlock10Campaigns" name="test_get_campaigns_list" time="0.102" /><testcase classname="backend.tests.test_blocks_9_13.TestBlock10Campaigns" name="test_create_campaign" time="0.179" /><testcase classname="backend.tests.test_blocks_9_13.TestBlock10Campaigns" name="test_send_campaign" time="0.074" /><testcase classname="backend.tests.test_blocks_9_13.TestBlock10Campaigns" name="test_delete_campaign" time="0.158" /><testcase classname="backend.tests.test_blocks_9_13.TestBlock11Reminders" name="test_get_reminders_list" time="0.077" /><testcase classname="backend.tests.test_blocks_9_13.TestBlock11Reminders" name="test_create_reminder" time="0.137" /><testcase classname="backend.tests.test_blocks_9_13.TestBlock11Reminders" name="test_execute_reminder" time="0.084" /><testcase classname="backend.tests.test_blocks_9_13.TestBlock11Reminders" name="test_delete_reminder" time="0.147" /><testcase classname="backend.tests.test_blocks_9_13.TestBlock12AdvisorStats" name="test_get_advisor_stats" time="0.076" /><testcase classname="backend.tests.test_blocks_9_13.TestBlock13AIAnalysis" name="test_analyze_conversation_requires_session" time="0.079" /><testcase classname="backend.tests.test_blocks_9_13.TestBlock13AIAnalysis" name="test_analyze_conversation_with_valid_session" time="4.980" /><testcase classname="backend.tests.test_blocks_9_13.TestCleanup" name="test_cleanup_test_campaigns" time="0.078" /><testcase classname="backend.tests.test_blocks_9_13.TestCleanup" name="test_cleanup_test_reminders" time="0.093" /></testsuite></testsuites>