<?xml version="1.0" encoding="utf-8"?><testsuites name="pytest tests"><testsuite name="pytest" errors="0" failures="0" skipped="0" tests="13" time="4.350" timestamp="2026-03-09T01:25:33.209388+00:00" hostname="agent-env-a97f0df8-4976-4939-90fc-6d036da962eb"><testcase classname="backend.tests.test_configuracion_panel.TestAutomationRules" name="test_get_automation_rules_returns_10_seeded" time="0.585" /><testcase classname="backend.tests.test_configuracion_panel.TestAutomationRules" name="test_create_automation_rule" time="0.115" /><testcase classname="backend.tests.test_configuracion_panel.TestAutomationRules" name="test_toggle_rule_active_inactive" time="0.397" /><testcase classname="backend.tests.test_configuracion_panel.TestAutomationRules" name="test_delete_automation_rule" time="0.428" /><testcase classname="backend.tests.test_configuracion_panel.TestWhatsAppConfig" name="test_get_whatsapp_config_masked_token" time="0.483" /><testcase classname="backend.tests.test_configuracion_panel.TestWhatsAppConfig" name="test_save_whatsapp_config" time="0.247" /><testcase classname="backend.tests.test_configuracion_panel.TestWhatsAppConfig" name="test_whatsapp_test_connection_fails_without_credentials" time="0.121" /><testcase classname="backend.tests.test_configuracion_panel.TestMetaWhatsAppWebhook" name="test_webhook_verification_correct_token" time="0.127" /><testcase classname="backend.tests.test_configuracion_panel.TestMetaWhatsAppWebhook" name="test_webhook_verification_wrong_token_returns_403" time="0.148" /><testcase classname="backend.tests.test_configuracion_panel.TestMetaWhatsAppWebhook" name="test_webhook_post_accepts_meta_format" time="0.150" /><testcase classname="backend.tests.test_configuracion_panel.TestAIConfig" name="test_get_ai_config_has_4_toggles" time="0.487" /><testcase classname="backend.tests.test_configuracion_panel.TestAIConfig" name="test_update_ai_toggles" time="0.422" /><testcase classname="backend.tests.test_configuracion_panel.TestCleanup" name="test_cleanup_test_rules" time="0.570" /></testsuite></testsuites>