<?xml version="1.0" encoding="utf-8"?><testsuites name="pytest tests"><testsuite name="pytest" errors="0" failures="0" skipped="0" tests="18" time="12.981" timestamp="2026-03-30T23:58:24.205136+00:00" hostname="agent-env-7f281d26-7c2b-4802-bddd-37e146d5ded5"><testcase classname="backend.tests.test_developer_features.TestDeveloperLogin" name="test_developer_login_success" time="0.410" /><testcase classname="backend.tests.test_developer_features.TestDeveloperLogin" name="test_admin_login_still_works" time="0.375" /><testcase classname="backend.tests.test_developer_features.TestBotTrainingGlobalConfig" name="test_get_global_config_developer" time="0.469" /><testcase classname="backend.tests.test_developer_features.TestBotTrainingGlobalConfig" name="test_get_global_config_admin_blocked" time="0.524" /><testcase classname="backend.tests.test_developer_features.TestBotTrainingGlobalConfig" name="test_update_global_config_developer" time="0.709" /><testcase classname="backend.tests.test_developer_features.TestKnowledgeBaseCRUD" name="test_knowledge_base_crud_flow" time="0.974" /><testcase classname="backend.tests.test_developer_features.TestKnowledgeBaseCRUD" name="test_knowledge_base_admin_blocked" time="0.471" /><testcase classname="backend.tests.test_developer_features.TestBotTestConsole" name="test_bot_test_console" time="3.899" /><testcase classname="backend.tests.test_developer_features.TestForgotPasswordFlow" name="test_forgot_password_admin_message" time="0.148" /><testcase classname="backend.tests.test_developer_features.TestForgotPasswordFlow" name="test_forgot_password_advisor_message" time="0.583" /><testcase classname="backend.tests.test_developer_features.TestForgotPasswordFlow" name="test_forgot_password_nonexistent_email" time="0.102" /><testcase classname="backend.tests.test_developer_features.TestPasswordResetRequests" name="test_get_reset_requests_developer" time="0.442" /><testcase classname="backend.tests.test_developer_features.TestPasswordResetRequests" name="test_get_reset_requests_admin" time="0.438" /><testcase classname="backend.tests.test_developer_features.TestDirectPasswordReset" name="test_developer_can_reset_admin_password" time="0.771" /><testcase classname="backend.tests.test_developer_features.TestDirectPasswordReset" name="test_admin_can_reset_advisor_password" time="0.765" /><testcase classname="backend.tests.test_developer_features.TestDirectPasswordReset" name="test_admin_cannot_reset_admin_password" time="0.904" /><testcase classname="backend.tests.test_developer_features.TestDeveloperAdminsList" name="test_developer_can_see_admins" time="0.445" /><testcase classname="backend.tests.test_developer_features.TestDeveloperAdminsList" name="test_admin_cannot_see_admins_list" time="0.459" /></testsuite></testsuites>