<?xml version="1.0" encoding="utf-8"?><testsuites name="pytest tests"><testsuite name="pytest" errors="0" failures="0" skipped="0" tests="19" time="17.153" timestamp="2026-03-04T17:15:37.580709+00:00" hostname="agent-env-a97f0df8-4976-4939-90fc-6d036da962eb"><testcase classname="backend.tests.test_faculty_crm_features.TestAuth" name="test_login_with_admin_credentials" time="0.466" /><testcase classname="backend.tests.test_faculty_crm_features.TestAuth" name="test_login_wrong_password" time="0.400" /><testcase classname="backend.tests.test_faculty_crm_features.TestDashboard" name="test_dashboard_stats_has_new_stages" time="0.484" /><testcase classname="backend.tests.test_faculty_crm_features.TestWhatsAppWebhook" name="test_new_lead_greeting" time="0.144" /><testcase classname="backend.tests.test_faculty_crm_features.TestWhatsAppWebhook" name="test_name_registration" time="0.288" /><testcase classname="backend.tests.test_faculty_crm_features.TestWhatsAppWebhook" name="test_returning_lead_greeting" time="0.313" /><testcase classname="backend.tests.test_faculty_crm_features.TestWhatsAppWebhook" name="test_auto_stage_interesado" time="0.300" /><testcase classname="backend.tests.test_faculty_crm_features.TestWhatsAppWebhook" name="test_auto_stage_en_negociacion" time="0.287" /><testcase classname="backend.tests.test_faculty_crm_features.TestWhatsAppWebhook" name="test_auto_stage_perdido" time="0.331" /><testcase classname="backend.tests.test_faculty_crm_features.TestChatEndpoints" name="test_chat_send_and_delete_message" time="8.099" /><testcase classname="backend.tests.test_faculty_crm_features.TestChatEndpoints" name="test_delete_conversation" time="2.100" /><testcase classname="backend.tests.test_faculty_crm_features.TestLeadStageUpdate" name="test_update_lead_stage" time="0.725" /><testcase classname="backend.tests.test_faculty_crm_features.TestLeadStageUpdate" name="test_invalid_stage_returns_400" time="0.236" /><testcase classname="backend.tests.test_faculty_crm_features.TestQuotations" name="test_create_quotation" time="0.258" /><testcase classname="backend.tests.test_faculty_crm_features.TestQuotations" name="test_quotation_updates_lead_stage" time="0.392" /><testcase classname="backend.tests.test_faculty_crm_features.TestQuotations" name="test_download_quotation_pdf" time="1.248" /><testcase classname="backend.tests.test_faculty_crm_features.TestBulkDownload" name="test_bulk_download_all" time="0.521" /><testcase classname="backend.tests.test_faculty_crm_features.TestBulkDownload" name="test_bulk_download_by_stage" time="0.259" /><testcase classname="backend.tests.test_faculty_crm_features.TestLeadsCRUD" name="test_leads_list_has_new_stages" time="0.112" /></testsuite></testsuites>